1
4
20
120
840
6720
60480
604800
6652800
79833600
37836791
529715074
945726047
131616617
237482471
274684442
219004353
380087024
808404862
67281895
712927602
357776897
796132256
624948989
42743478
910128791
389282207
64220765
310917886
422712566
396652285
326101990
297857355
386215324
414849454
617336825
356797653
99681220
400995452
735112062
272393152
384741248
636011600
485115726
19969997
676981487
206221785
537405316
211523117
325489740
941450047
150006519
244771890
540717901
550784362
188130393
152203956
349089665
826560710
335936112
375419820
168441616
